<?xml version="1.0" encoding="UTF-8"?>
<!-- Generated by org.testng.reporters.JUnitXMLReporter -->
<testsuite ignored="3" hostname="LAPTOP-LLFOGGVK" failures="0" tests="1" name="ZQA" time="0.114" errors="0" timestamp="2022-07-07T00:04:50 IST">
  <testcase classname="com.ritm.testcases.Base" name="@BeforeSuite startdriver" time="16.012">
    <failure type="java.lang.IllegalStateException" message="No match found">
      <![CDATA[java.lang.IllegalStateException: No match found
at java.base/java.util.regex.Matcher.group(Matcher.java:644)
at com.ritm.testcases.Base.startdriver(Base.java:105)
... Removed 19 stack frames]]>
    </failure>
  </testcase> <!-- @BeforeSuite startdriver -->
  <testcase classname="com.ritm.testcases.Base" name="@BeforeTest beforeTest" time="-1.65713249062E9">
    <skipped/>
  </testcase> <!-- @BeforeTest beforeTest -->
  <testcase classname="com.ritm.testcases.Base" name="@BeforeClass beforeClass" time="-1.657132490669E9">
    <skipped/>
  </testcase> <!-- @BeforeClass beforeClass -->
  <testcase classname="com.ritm.testcases.Base" name="@BeforeMethod beforeMethod" time="-1.6571324907E9">
    <skipped/>
  </testcase> <!-- @BeforeMethod beforeMethod -->
  <testcase classname="com.ritm.testcases.Base" name="@AfterMethod afterMethod" time="-1.657132490716E9">
    <skipped/>
  </testcase> <!-- @AfterMethod afterMethod -->
  <testcase classname="com.ritm.testcases.Base" name="@AfterTest TeardownTest" time="-1.657132490725E9">
    <skipped/>
  </testcase> <!-- @AfterTest TeardownTest -->
  <testcase classname="com.ritm.testcases.LoginUser" name="Login" time="0.0">
    <skipped/>
  </testcase> <!-- Login -->
  <testcase classname="com.ritm.testcases.Base" name="@AfterTest TeardownTest" time="0.0">
    <ignored/>
  </testcase> <!-- @AfterTest TeardownTest -->
  <testcase classname="com.ritm.testcases.Base" name="@BeforeSuite startdriver" time="0.0">
    <ignored/>
  </testcase> <!-- @BeforeSuite startdriver -->
  <testcase classname="com.ritm.testcases.Base" name="@BeforeTest beforeTest" time="0.0">
    <ignored/>
  </testcase> <!-- @BeforeTest beforeTest -->
</testsuite> <!-- ZQA -->
