<?xml version="1.0" encoding="UTF-8"?>
<!-- Generated by org.testng.reporters.JUnitXMLReporter -->
<testsuite ignored="6" hostname="LAPTOP-LLFOGGVK" failures="1" tests="2" name="ZQA_Login" time="32.198" errors="0" timestamp="2022-07-28T12:46:28 IST">
  <testcase classname="com.ritm.testcases.LoginUser" name="Login" time="4.332"/>
  <testcase classname="com.ritm.testcases.HomeTC" name="HomePg" time="20.659">
    <failure type="java.lang.IllegalMonitorStateException" message="current thread is not owner">
      <![CDATA[java.lang.IllegalMonitorStateException: current thread is not owner
at java.base/java.lang.Object.wait(Native Method)
at com.ritm.testcases.HomeTC.HomePg(HomeTC.java:23)
at java.base/java.util.ArrayList.forEach(ArrayList.java:1511)
... Removed 27 stack frames]]>
    </failure>
  </testcase> <!-- HomePg -->
  <testcase classname="com.ritm.testcases.Base" name="@AfterTest TeardownTest" time="0.0">
    <ignored/>
  </testcase> <!-- @AfterTest TeardownTest -->
  <testcase classname="com.ritm.testcases.Base" name="@AfterTest TeardownTest" time="0.0">
    <ignored/>
  </testcase> <!-- @AfterTest TeardownTest -->
  <testcase classname="com.ritm.testcases.Base" name="@BeforeSuite startdriver" time="0.0">
    <ignored/>
  </testcase> <!-- @BeforeSuite startdriver -->
  <testcase classname="com.ritm.testcases.Base" name="@BeforeSuite startdriver" time="0.0">
    <ignored/>
  </testcase> <!-- @BeforeSuite startdriver -->
  <testcase classname="com.ritm.testcases.Base" name="@BeforeTest beforeTest" time="0.0">
    <ignored/>
  </testcase> <!-- @BeforeTest beforeTest -->
  <testcase classname="com.ritm.testcases.Base" name="@BeforeTest beforeTest" time="0.0">
    <ignored/>
  </testcase> <!-- @BeforeTest beforeTest -->
</testsuite> <!-- ZQA_Login -->
