<?xml version="1.0" encoding="UTF-8"?>
<!-- Generated by org.testng.reporters.JUnitXMLReporter -->
<testsuite ignored="3" hostname="LAPTOP-LLFOGGVK" failures="0" tests="1" name="ZQA_Login" time="13.232" errors="0" timestamp="2022-07-12T21:17:45 IST">
  <testcase classname="com.ritm.testcases.LoginUser" name="Login" time="7.635"/>
  <testcase classname="com.ritm.testcases.Base" name="@AfterTest TeardownTest" time="0.0">
    <ignored/>
  </testcase> <!-- @AfterTest TeardownTest -->
  <testcase classname="com.ritm.testcases.Base" name="@BeforeSuite startdriver" time="0.0">
    <ignored/>
  </testcase> <!-- @BeforeSuite startdriver -->
  <testcase classname="com.ritm.testcases.Base" name="@BeforeTest beforeTest" time="0.0">
    <ignored/>
  </testcase> <!-- @BeforeTest beforeTest -->
</testsuite> <!-- ZQA_Login -->
