<?xml version="1.0" encoding="UTF-8"?>
<testng-results ignored="6" total="8" passed="1" failed="1" skipped="0">
  <reporter-output>
  </reporter-output>
  <suite started-at="2022-07-28T12:45:56 IST" name="zmanda" finished-at="2022-07-28T12:46:28 IST" duration-ms="32198">
    <groups>
    </groups>
    <test started-at="2022-07-28T12:45:56 IST" name="ZQA_Login" finished-at="2022-07-28T12:46:28 IST" duration-ms="32198">
      <class name="com.ritm.testcases.Base">
        <test-method is-config="true" signature="startdriver(java.lang.String,java.lang.String)[pri:0, instance:com.ritm.testcases.Base@587e5365]" started-at="2022-07-28T12:45:47 IST" name="startdriver" finished-at="2022-07-28T12:45:56 IST" duration-ms="8769" status="PASS">
          <params>
            <param index="0">
              <value>
                <![CDATA[101]]>
              </value>
            </param>
            <param index="1">
              <value>
                <![CDATA[TC101_ZmandaLogin]]>
              </value>
            </param>
          </params>
          <reporter-output>
          </reporter-output>
        </test-method> <!-- startdriver -->
        <test-method is-config="true" signature="beforeTest(org.testng.ITestContext)[pri:0, instance:com.ritm.testcases.Base@587e5365]" started-at="2022-07-28T12:45:56 IST" name="beforeTest" finished-at="2022-07-28T12:45:56 IST" duration-ms="1" status="PASS">
          <params>
            <param index="0">
              <value>
                <![CDATA[org.testng.TestRunner@3635099]]>
              </value>
            </param>
          </params>
          <reporter-output>
          </reporter-output>
        </test-method> <!-- beforeTest -->
        <test-method is-config="true" signature="TeardownTest(org.testng.ITestContext)[pri:0, instance:com.ritm.testcases.Base@587e5365]" started-at="2022-07-28T12:46:28 IST" name="TeardownTest" finished-at="2022-07-28T12:46:28 IST" duration-ms="0" status="PASS">
          <params>
            <param index="0">
              <value>
                <![CDATA[org.testng.TestRunner@3635099]]>
              </value>
            </param>
          </params>
          <reporter-output>
          </reporter-output>
        </test-method> <!-- TeardownTest -->
      </class> <!-- com.ritm.testcases.Base -->
      <class name="com.ritm.testcases.HomeTC">
        <test-method is-config="true" signature="beforeClass(org.testng.ITestContext)[pri:0, instance:com.ritm.testcases.HomeTC@394df057]" started-at="2022-07-28T12:46:05 IST" name="beforeClass" finished-at="2022-07-28T12:46:05 IST" duration-ms="0" status="PASS">
          <params>
            <param index="0">
              <value>
                <![CDATA[org.testng.TestRunner@3635099]]>
              </value>
            </param>
          </params>
          <reporter-output>
          </reporter-output>
        </test-method> <!-- beforeClass -->
        <test-method is-config="true" signature="beforeMethod(java.lang.reflect.Method,org.testng.ITestContext)[pri:0, instance:com.ritm.testcases.HomeTC@394df057]" started-at="2022-07-28T12:46:07 IST" name="beforeMethod" finished-at="2022-07-28T12:46:07 IST" duration-ms="0" status="PASS">
          <params>
            <param index="0">
              <value>
                <![CDATA[public void com.ritm.testcases.HomeTC.HomePg(java.lang.String,java.lang.String,java.lang.String) throws java.lang.InterruptedException]]>
              </value>
            </param>
            <param index="1">
              <value>
                <![CDATA[org.testng.TestRunner@3635099]]>
              </value>
            </param>
          </params>
          <reporter-output>
          </reporter-output>
        </test-method> <!-- beforeMethod -->
        <test-method signature="HomePg(java.lang.String,java.lang.String,java.lang.String)[pri:0, instance:com.ritm.testcases.HomeTC@394df057]" started-at="2022-07-28T12:46:07 IST" name="HomePg" data-provider="UserCredentials" finished-at="2022-07-28T12:46:28 IST" duration-ms="20659" status="FAIL">
          <params>
            <param index="0">
              <value>
                <![CDATA[ritmandal96@gmail.com]]>
              </value>
            </param>
            <param index="1">
              <value>
                <![CDATA[Tcscibc@1]]>
              </value>
            </param>
            <param index="2">
              <value>
                <![CDATA[12345]]>
              </value>
            </param>
          </params>
          <exception class="java.lang.IllegalMonitorStateException">
            <message>
              <![CDATA[current thread is not owner]]>
            </message>
            <full-stacktrace>
              <![CDATA[java.lang.IllegalMonitorStateException: current thread is not owner
at java.base/java.lang.Object.wait(Native Method)
at com.ritm.testcases.HomeTC.HomePg(HomeTC.java:23)
at java.base/jdk.internal.reflect.NativeMethodAccessorImpl.invoke0(Native Method)
at java.base/jdk.internal.reflect.NativeMethodAccessorImpl.invoke(NativeMethodAccessorImpl.java:77)
at java.base/jdk.internal.reflect.DelegatingMethodAccessorImpl.invoke(DelegatingMethodAccessorImpl.java:43)
at java.base/java.lang.reflect.Method.invoke(Method.java:568)
at org.testng.internal.MethodInvocationHelper.invokeMethod(MethodInvocationHelper.java:133)
at org.testng.internal.TestInvoker.invokeMethod(TestInvoker.java:598)
at org.testng.internal.TestInvoker.invokeTestMethod(TestInvoker.java:173)
at org.testng.internal.MethodRunner.runInSequence(MethodRunner.java:46)
at org.testng.internal.TestInvoker$MethodInvocationAgent.invoke(TestInvoker.java:824)
at org.testng.internal.TestInvoker.invokeTestMethods(TestInvoker.java:146)
at org.testng.internal.TestMethodWorker.invokeTestMethods(TestMethodWorker.java:146)
at org.testng.internal.TestMethodWorker.run(TestMethodWorker.java:128)
at java.base/java.util.ArrayList.forEach(ArrayList.java:1511)
at org.testng.TestRunner.privateRun(TestRunner.java:794)
at org.testng.TestRunner.run(TestRunner.java:596)
at org.testng.SuiteRunner.runTest(SuiteRunner.java:377)
at org.testng.SuiteRunner.runSequentially(SuiteRunner.java:371)
at org.testng.SuiteRunner.privateRun(SuiteRunner.java:332)
at org.testng.SuiteRunner.run(SuiteRunner.java:276)
at org.testng.SuiteRunnerWorker.runSuite(SuiteRunnerWorker.java:53)
at org.testng.SuiteRunnerWorker.run(SuiteRunnerWorker.java:96)
at org.testng.TestNG.runSuitesSequentially(TestNG.java:1212)
at org.testng.TestNG.runSuitesLocally(TestNG.java:1134)
at org.testng.TestNG.runSuites(TestNG.java:1063)
at org.testng.TestNG.run(TestNG.java:1031)
at org.testng.remote.AbstractRemoteTestNG.run(AbstractRemoteTestNG.java:115)
at org.testng.remote.RemoteTestNG.initAndRun(RemoteTestNG.java:251)
at org.testng.remote.RemoteTestNG.main(RemoteTestNG.java:77)
]]>
            </full-stacktrace>
          </exception> <!-- java.lang.IllegalMonitorStateException -->
          <reporter-output>
          </reporter-output>
        </test-method> <!-- HomePg -->
        <test-method is-config="true" signature="afterMethod(org.testng.ITestResult)[pri:0, instance:com.ritm.testcases.HomeTC@394df057]" started-at="2022-07-28T12:46:28 IST" name="afterMethod" finished-at="2022-07-28T12:46:28 IST" duration-ms="617" status="PASS">
          <params>
            <param index="0">
              <value>
                <![CDATA[[TestResult name=HomePg status=FAILURE method=HomeTC.HomePg(java.lang.String,java.lang.String,java.lang.String)[pri:0, instance:com.ritm.testcases.HomeTC@394df057] output={null}]]]>
              </value>
            </param>
          </params>
          <reporter-output>
          </reporter-output>
        </test-method> <!-- afterMethod -->
      </class> <!-- com.ritm.testcases.HomeTC -->
      <class name="com.ritm.testcases.LoginUser">
        <test-method is-config="true" signature="beforeClass(org.testng.ITestContext)[pri:0, instance:com.ritm.testcases.LoginUser@71e9ddb4]" started-at="2022-07-28T12:45:56 IST" name="beforeClass" finished-at="2022-07-28T12:45:56 IST" duration-ms="3" status="PASS">
          <params>
            <param index="0">
              <value>
                <![CDATA[org.testng.TestRunner@3635099]]>
              </value>
            </param>
          </params>
          <reporter-output>
          </reporter-output>
        </test-method> <!-- beforeClass -->
        <test-method is-config="true" signature="beforeMethod(java.lang.reflect.Method,org.testng.ITestContext)[pri:0, instance:com.ritm.testcases.LoginUser@71e9ddb4]" started-at="2022-07-28T12:46:00 IST" name="beforeMethod" finished-at="2022-07-28T12:46:00 IST" duration-ms="2" status="PASS">
          <params>
            <param index="0">
              <value>
                <![CDATA[public void com.ritm.testcases.LoginUser.Login(java.lang.String,java.lang.String,java.lang.String) throws java.lang.InterruptedException]]>
              </value>
            </param>
            <param index="1">
              <value>
                <![CDATA[org.testng.TestRunner@3635099]]>
              </value>
            </param>
          </params>
          <reporter-output>
          </reporter-output>
        </test-method> <!-- beforeMethod -->
        <test-method signature="Login(java.lang.String,java.lang.String,java.lang.String)[pri:0, instance:com.ritm.testcases.LoginUser@71e9ddb4]" started-at="2022-07-28T12:46:00 IST" name="Login" data-provider="UserCredentials" finished-at="2022-07-28T12:46:04 IST" duration-ms="4332" status="PASS">
          <params>
            <param index="0">
              <value>
                <![CDATA[ritmandal96@gmail.com]]>
              </value>
            </param>
            <param index="1">
              <value>
                <![CDATA[Tcscibc@1]]>
              </value>
            </param>
            <param index="2">
              <value>
                <![CDATA[12345]]>
              </value>
            </param>
          </params>
          <reporter-output>
          </reporter-output>
        </test-method> <!-- Login -->
        <test-method is-config="true" signature="afterMethod(org.testng.ITestResult)[pri:0, instance:com.ritm.testcases.LoginUser@71e9ddb4]" started-at="2022-07-28T12:46:04 IST" name="afterMethod" finished-at="2022-07-28T12:46:05 IST" duration-ms="655" status="PASS">
          <params>
            <param index="0">
              <value>
                <![CDATA[[TestResult name=Login status=SUCCESS method=LoginUser.Login(java.lang.String,java.lang.String,java.lang.String)[pri:0, instance:com.ritm.testcases.LoginUser@71e9ddb4] output={null}]]]>
              </value>
            </param>
          </params>
          <reporter-output>
          </reporter-output>
        </test-method> <!-- afterMethod -->
      </class> <!-- com.ritm.testcases.LoginUser -->
    </test> <!-- ZQA_Login -->
  </suite> <!-- zmanda -->
</testng-results>
